Instructions in memory:
   0x00000000 : 0x0001004f
   0x00000004 : 0x8c040000
   0x00000008 : 0x0c000006
   0x0000000c : 0x00024025
   0x00000010 : 0x3402000a
   0x00000014 : 0x0000000c
   0x00000018 : 0x00001024
   0x0000001c : 0x34080001
   0x00000020 : 0x01044824
   0x00000024 : 0x11200001
   0x00000028 : 0x20420001
   0x0000002c : 0x00084040
   0x00000030 : 0x1500fffb
   0x00000034 : 0x03e00008

Registers:
   $ 0 : 0x00000000
   $ 1 : 0x00000000
   $ 2 : 0x00000000
   $ 3 : 0x00000000
   $ 4 : 0x00000000
   $ 5 : 0x00000000
   $ 6 : 0x00000000
   $ 7 : 0x00000000
   $ 8 : 0x00000000
   $ 9 : 0x00000000
   $10 : 0x00000000
   $11 : 0x00000000
   $12 : 0x00000000
   $13 : 0x00000000
   $14 : 0x00000000
   $15 : 0x00000000
   $16 : 0x00000000
   $17 : 0x00000000
   $18 : 0x00000000
   $19 : 0x00000000
   $20 : 0x00000000
   $21 : 0x00000000
   $22 : 0x00000000
   $23 : 0x00000000
   $24 : 0x00000000
   $25 : 0x00000000
   $26 : 0x00000000
   $27 : 0x00000000
   $28 : 0x00000000
   $29 : 0x00000000
   $30 : 0x00000000
   $31 : 0x00000000
Instructions Run:  50
Clock Cycles:      50
Memory References: 0
CPI: 1.000000
